-------------------------------------------------------------------------------------------------------
##ID_1## tempo: 0 (ms)
{call Stp_Set_Session2(?, ?, ?, ?, ?)}
Params:
  1 = 0
  2 = -1
  3 = -1
  4 = u= 0, t_name= default task-533
  5 = 0897611f9d34c93f772de6c5baac4c93919fd363
-------------------------------------------------------------------------------------------------------
##ID_2## tempo: 0 (ms)
{call Stp_Set_Session2(?, ?, ?, ?, ?)}
Params:
  1 = 0
  2 = -1
  3 = -1
  4 = u= 0, t_name= default task-531
  5 = 0897611f9d34c93f772de6c5baac4c93919fd363
-------------------------------------------------------------------------------------------------------
##ID_3## tempo: 0 (ms)
/* Runtime-info
Application: workspace
Referer: https://unikaservicos.sankhyacloud.com.br/mge/system.jsp
uri: /mge/service.sbr
*/
SELECT TEXTO FROM TSIPAR WHERE CHAVE = ? 
Params:
  1 = VERSAOSKWBIN
-------------------------------------------------------------------------------------------------------
##ID_4## tempo: 2 (ms)
/* Runtime-info
Application: workspace
Referer: https://unikaservicos.sankhyacloud.com.br/mge/system.jsp
uri: /mge/service.sbr
*/
SELECT TEXTO FROM TSIPAR WHERE CHAVE = ? 
Params:
  1 = VERSAOSKWBIN
-------------------------------------------------------------------------------------------------------
##ID_5## tempo: 1 (ms)
{call Stp_Set_Session2(?, ?, ?, ?, ?)}
Params:
  1 = 0
  2 = -1
  3 = -1
  4 = u= 0, t_name= default task-531
  5 = 0897611f9d34c93f772de6c5baac4c93919fd363
-------------------------------------------------------------------------------------------------------
##ID_6## tempo: 0 (ms)
/* Runtime-info
Application: workspace
Referer: https://unikaservicos.sankhyacloud.com.br/mge/system.jsp
service-name: SystemUtilsSP.getBDRegistroStatus
uri: /mge/service.sbr
*/
SELECT
	PROP.NOME,
	PROP.VALOR
FROM
	TRDCON CTR
	INNER JOIN TRDPCO PCO2
		ON (CTR.NUCONTROLE = PCO2.NUCONTROLE AND PCO2.NOME = 'resourceID')
	INNER JOIN TRDPCO PROP
		ON (CTR.NUCONTROLE = PROP.NUCONTROLE AND PROP.NOME = 'legacyResourceID')
WHERE
	CTR.TIPOCONTROLE = 'MN'
	AND PCO2.VALOR = ?
Params:
  1 = br.com.sankhya.core.cfg.AdministracaoServidor
-------------------------------------------------------------------------------------------------------
##ID_7## tempo: 0 (ms)
{call Stp_Set_Session2(?, ?, ?, ?, ?)}
Params:
  1 = 0
  2 = -1
  3 = -1
  4 = u= 0, t_name= default task-531
  5 = 0897611f9d34c93f772de6c5baac4c93919fd363
-------------------------------------------------------------------------------------------------------
##ID_8## tempo: 1 (ms)
/* Runtime-info
Application: workspace
Referer: https://unikaservicos.sankhyacloud.com.br/mge/system.jsp
service-name: SystemUtilsSP.getBDRegistroStatus
uri: /mge/service.sbr
*/
SELECT SYS_CONTEXT('USERENV','CURRENT_SCHEMA') FROM DUAL
Params:
-------------------------------------------------------------------------------------------------------
##ID_9## tempo: 1 (ms)
/* Runtime-info
Application: workspace
Referer: https://unikaservicos.sankhyacloud.com.br/mge/system.jsp
service-name: SystemUtilsSP.getBDRegistroStatus
uri: /mge/service.sbr
*/
SELECT * FROM TSIPAR WHERE CHAVE = ? AND CODUSU = ?
Params:
  1 = tSEBRA97#P@
  2 = 0
-------------------------------------------------------------------------------------------------------
##ID_10## tempo: 1 (ms)
/* Runtime-info
Application: workspace
Referer: https://unikaservicos.sankhyacloud.com.br/mge/system.jsp
service-name: SystemUtilsSP.getBDRegistroStatus
uri: /mge/service.sbr
*/
SELECT SYS_CONTEXT('USERENV','CURRENT_SCHEMA') FROM DUAL
Params:
-------------------------------------------------------------------------------------------------------
##ID_11## tempo: 1 (ms)
/* Runtime-info
Application: workspace
Referer: https://unikaservicos.sankhyacloud.com.br/mge/system.jsp
service-name: SystemUtilsSP.getBDRegistroStatus
uri: /mge/service.sbr
*/
SELECT * FROM TSIPAR WHERE CHAVE = ? AND CODUSU = ?
Params:
  1 = tSEBRA97#P@
  2 = 0
-------------------------------------------------------------------------------------------------------
##ID_12## tempo: 1 (ms)
{call Stp_Set_Session2(?, ?, ?, ?, ?)}
Params:
  1 = 0
  2 = -1
  3 = -1
  4 = u= 0, t_name= default task-531
  5 = 0897611f9d34c93f772de6c5baac4c93919fd363
-------------------------------------------------------------------------------------------------------
##ID_13## tempo: 2 (ms)
/* Runtime-info
Application: ListaTarefa
Referer: https://unikaservicos.sankhyacloud.com.br/workflow/ListaTarefa.xhtml5
ResourceID: br.com.sankhya.workflow.listatarefa
uri: /mge/service.sbr
*/
SELECT TEXTO FROM TSIPAR WHERE CHAVE = ? 
Params:
  1 = VERSAOSKWBIN
-------------------------------------------------------------------------------------------------------
##ID_14## tempo: 0 (ms)
{call Stp_Set_Session2(?, ?, ?, ?, ?)}
Params:
  1 = 0
  2 = -1
  3 = -1
  4 = u= 0, t_name= default task-531
  5 = 0897611f9d34c93f772de6c5baac4c93919fd363
-------------------------------------------------------------------------------------------------------
##ID_15## tempo: 0 (ms)
/* Runtime-info
Application: ListaTarefa
Referer: https://unikaservicos.sankhyacloud.com.br/workflow/ListaTarefa.xhtml5
ResourceID: br.com.sankhya.workflow.listatarefa
entity: AD_CHAMADOTI
service-name: DatasetSP.save
uri: /mge/service.sbr
*/
SELECT 1 AS ANEXO1,1 AS ANEXO2,1 AS ANEXO3,AD_CHAMADOTI.AVALIACAO AS AVALIACAO,AD_CHAMADOTI.CICLO1 AS CICLO1,AD_CHAMADOTI.CICLO2 AS CICLO2,AD_CHAMADOTI.CICLO3 AS CICLO3,AD_CHAMADOTI.CODLOCAL AS CODLOCAL,AD_CHAMADOTI.CODPARC AS CODPARC,AD_CHAMADOTI.CODPROD AS CODPROD,AD_CHAMADOTI.CODREGISTRO AS CODREGISTRO,AD_CHAMADOTI.CODUSU AS CODUSU,AD_CHAMADOTI.CODUSUALTER AS CODUSUALTER,'$$CLOBFIELD(AD_CHAMADOTI.DESCSOLUCAO)$$' AS DESCSOLUCAO,AD_CHAMADOTI.DESCTERCEIRO AS DESCTERCEIRO,AD_CHAMADOTI.DHALTER AS DHALTER,AD_CHAMADOTI.DTTERCEIRO AS DTTERCEIRO,AD_CHAMADOTI.IDINSTPRN AS IDINSTPRN,AD_CHAMADOTI.IDINSTTAR AS IDINSTTAR,AD_CHAMADOTI.IDTAREFA AS IDTAREFA,AD_CHAMADOTI.ID_CATEGORIATI AS ID_CATEGORIATI,AD_CHAMADOTI.ID_PK AS ID_PK,AD_CHAMADOTI.IMPACTO AS IMPACTO,AD_CHAMADOTI.JUSTIFICATIVA AS JUSTIFICATIVA,AD_CHAMADOTI.JUSTIFICATIVACANC AS JUSTIFICATIVACANC,AD_CHAMADOTI.JUSTIFICATIVASOLUCAO AS JUSTIFICATIVASOLUCAO,AD_CHAMADOTI.ORIGEMCHAMADO AS ORIGEMCHAMADO,AD_CHAMADOTI.PREVATENDIMENTO AS PREVATENDIMENTO,AD_CHAMADOTI.PRIORIDADE AS PRIORIDADE,AD_CHAMADOTI.SALVASOLUCAO AS SALVASOLUCAO,AD_CHAMADOTI.STATUSCHAMADO AS STATUSCHAMADO,AD_CHAMADOTI.STATUSTERCEIRO AS STATUSTERCEIRO,AD_CHAMADOTI.TERCEIRO AS TERCEIRO,AD_CHAMADOTI.TEXTOAVALIACAO AS TEXTOAVALIACAO,'$$CLOBFIELD(AD_CHAMADOTI.TEXTOCHAMADO)$$' AS TEXTOCHAMADO,AD_CHAMADOTI.TIPO AS TIPO,AD_CHAMADOTI.TITULO AS TITULO,AD_CHAMADOTI.URGENCIA AS URGENCIA,AD_CHAMADOTI.USADISPOSITIVO AS USADISPOSITIVO FROM AD_CHAMADOTI /*SQL_92_JOINED_TABLES*/  WHERE (AD_CHAMADOTI.IDINSTPRN = ? AND AD_CHAMADOTI.IDINSTTAR = ? AND AD_CHAMADOTI.CODREGISTRO = ?)
Params:
  1 = 35221
  2 = 0
  3 = 1
-------------------------------------------------------------------------------------------------------
##ID_16## tempo: 2 (ms)
/* Runtime-info
Application: ListaTarefa
Referer: https://unikaservicos.sankhyacloud.com.br/workflow/ListaTarefa.xhtml5
ResourceID: br.com.sankhya.workflow.listatarefa
entity: AD_CHAMADOTI
service-name: DatasetSP.save
uri: /mge/service.sbr
*/
 SELECT     ORM.*  FROM     TWFFORM ORM 	 INNER JOIN TWFELE ELE ON ELE.NUELE = ORM.NUELE     INNER JOIN TWFIPRN IPRN ON IPRN.CODPRN = ELE.CODPRN AND IPRN.VERSAO  = ELE.VERSAO  WHERE     ELE.IDELEMENTO  = ?     AND IPRN.IDINSTPRN = ?     AND ORM.NOMEINSTANCIA = ? 
Params:
  1 = UserTask_1dsyzbu
  2 = 35221
  3 = AD_CHAMADOTI
-------------------------------------------------------------------------------------------------------
##ID_17## tempo: 1 (ms)
/* Runtime-info
Application: ListaTarefa
Referer: https://unikaservicos.sankhyacloud.com.br/workflow/ListaTarefa.xhtml5
ResourceID: br.com.sankhya.workflow.listatarefa
entity: AD_CHAMADOTI
service-name: DatasetSP.save
uri: /mge/service.sbr
*/
SELECT DESCSOLUCAO FROM AD_CHAMADOTI WHERE AD_CHAMADOTI.IDINSTPRN = ? AND AD_CHAMADOTI.IDINSTTAR = ? AND AD_CHAMADOTI.CODREGISTRO = ?
Params:
  1 = 35221
  2 = 0
  3 = 1
-------------------------------------------------------------------------------------------------------
##ID_18## tempo: 3 (ms)
/* Runtime-info
Application: ListaTarefa
Referer: https://unikaservicos.sankhyacloud.com.br/workflow/ListaTarefa.xhtml5
ResourceID: br.com.sankhya.workflow.listatarefa
entity: AD_CHAMADOTI
service-name: DatasetSP.save
uri: /mge/service.sbr
*/
SELECT TEXTOCHAMADO FROM AD_CHAMADOTI WHERE AD_CHAMADOTI.IDINSTPRN = ? AND AD_CHAMADOTI.IDINSTTAR = ? AND AD_CHAMADOTI.CODREGISTRO = ?
Params:
  1 = 35221
  2 = 0
  3 = 1
-------------------------------------------------------------------------------------------------------
##ID_19## tempo: 3 (ms)
/* Runtime-info
Application: ListaTarefa
Referer: https://unikaservicos.sankhyacloud.com.br/workflow/ListaTarefa.xhtml5
ResourceID: br.com.sankhya.workflow.listatarefa
entity: AD_CHAMADOTI
service-name: DatasetSP.save
uri: /mge/service.sbr
*/
SELECT ANEXO3 FROM AD_CHAMADOTI WHERE AD_CHAMADOTI.IDINSTPRN = ? AND AD_CHAMADOTI.IDINSTTAR = ? AND AD_CHAMADOTI.CODREGISTRO = ?
Params:
  1 = 35221
  2 = 0
  3 = 1
-------------------------------------------------------------------------------------------------------
##ID_20## tempo: 1 (ms)
/* Runtime-info
Application: ListaTarefa
Referer: https://unikaservicos.sankhyacloud.com.br/workflow/ListaTarefa.xhtml5
ResourceID: br.com.sankhya.workflow.listatarefa
entity: AD_CHAMADOTI
service-name: DatasetSP.save
uri: /mge/service.sbr
*/
SELECT ANEXO1 FROM AD_CHAMADOTI WHERE AD_CHAMADOTI.IDINSTPRN = ? AND AD_CHAMADOTI.IDINSTTAR = ? AND AD_CHAMADOTI.CODREGISTRO = ?
Params:
  1 = 35221
  2 = 0
  3 = 1
-------------------------------------------------------------------------------------------------------
##ID_21## tempo: 1 (ms)
/* Runtime-info
Application: ListaTarefa
Referer: https://unikaservicos.sankhyacloud.com.br/workflow/ListaTarefa.xhtml5
ResourceID: br.com.sankhya.workflow.listatarefa
entity: AD_CHAMADOTI
service-name: DatasetSP.save
uri: /mge/service.sbr
*/
SELECT ANEXO2 FROM AD_CHAMADOTI WHERE AD_CHAMADOTI.IDINSTPRN = ? AND AD_CHAMADOTI.IDINSTTAR = ? AND AD_CHAMADOTI.CODREGISTRO = ?
Params:
  1 = 35221
  2 = 0
  3 = 1
-------------------------------------------------------------------------------------------------------
##ID_22## tempo: 1 (ms)
/* Runtime-info
Application: ListaTarefa
Referer: https://unikaservicos.sankhyacloud.com.br/workflow/ListaTarefa.xhtml5
ResourceID: br.com.sankhya.workflow.listatarefa
entity: AD_CHAMADOTI
service-name: DatasetSP.save
uri: /mge/service.sbr
*/
 SELECT  	ELE.VERSAO,  	ELE.IDELEMENTO,  	ELE.CODPRN  FROM  	TWFELE ELE  	INNER JOIN TWFIPRN IPRN ON IPRN.CODPRN = ELE.CODPRN AND IPRN.VERSAO = ELE.VERSAO  WHERE  	IPRN.IDINSTPRN = ?  	AND ELE.IDELEMENTO = ?
Params:
  1 = 35221
  2 = UserTask_1dsyzbu
-------------------------------------------------------------------------------------------------------
##ID_23## tempo: 0 (ms)
/* Runtime-info
Application: ListaTarefa
Referer: https://unikaservicos.sankhyacloud.com.br/workflow/ListaTarefa.xhtml5
ResourceID: br.com.sankhya.workflow.listatarefa
entity: AD_CHAMADOTI
service-name: DatasetSP.save
uri: /mge/service.sbr
*/
UPDATE AD_CHAMADOTI SET CODPROD = ?,DHALTER = ?,USADISPOSITIVO = ? WHERE AD_CHAMADOTI.IDINSTPRN = ? AND AD_CHAMADOTI.IDINSTTAR = ? AND AD_CHAMADOTI.CODREGISTRO = ?
Params:
  1 = 1951
  2 = 2025-10-27 14:49:13.0
  3 = S
  4 = 35221
  5 = 0
  6 = 1
-------------------------------------------------------------------------------------------------------
##ID_24## tempo: 0 (ms)
/* Runtime-info
Application: ListaTarefa
Referer: https://unikaservicos.sankhyacloud.com.br/workflow/ListaTarefa.xhtml5
ResourceID: br.com.sankhya.workflow.listatarefa
entity: AD_CHAMADOTI
service-name: DatasetSP.save
uri: /mge/service.sbr
*/
SELECT 1 FROM AD_CHAMADOTI WHERE AD_CHAMADOTI.IDINSTPRN = ? AND AD_CHAMADOTI.IDINSTTAR = ? AND AD_CHAMADOTI.CODREGISTRO = ?
Params:
  1 = 35221
  2 = 0
  3 = 1
-------------------------------------------------------------------------------------------------------
##ID_25## tempo: 1 (ms)
/* Runtime-info
Application: ListaTarefa
Referer: https://unikaservicos.sankhyacloud.com.br/workflow/ListaTarefa.xhtml5
ResourceID: br.com.sankhya.workflow.listatarefa
entity: AD_CHAMADOTI
service-name: DatasetSP.save
uri: /mge/service.sbr
*/
SELECT 1 AS ANEXO1,1 AS ANEXO2,1 AS ANEXO3,AD_CHAMADOTI.AVALIACAO AS AVALIACAO,AD_CHAMADOTI.CICLO1 AS CICLO1,AD_CHAMADOTI.CICLO2 AS CICLO2,AD_CHAMADOTI.CICLO3 AS CICLO3,AD_CHAMADOTI.CODLOCAL AS CODLOCAL,AD_CHAMADOTI.CODPARC AS CODPARC,AD_CHAMADOTI.CODPROD AS CODPROD,AD_CHAMADOTI.CODREGISTRO AS CODREGISTRO,AD_CHAMADOTI.CODUSU AS CODUSU,AD_CHAMADOTI.CODUSUALTER AS CODUSUALTER,'$$CLOBFIELD(AD_CHAMADOTI.DESCSOLUCAO)$$' AS DESCSOLUCAO,AD_CHAMADOTI.DESCTERCEIRO AS DESCTERCEIRO,AD_CHAMADOTI.DHALTER AS DHALTER,AD_CHAMADOTI.DTTERCEIRO AS DTTERCEIRO,AD_CHAMADOTI.IDINSTPRN AS IDINSTPRN,AD_CHAMADOTI.IDINSTTAR AS IDINSTTAR,AD_CHAMADOTI.IDTAREFA AS IDTAREFA,AD_CHAMADOTI.ID_CATEGORIATI AS ID_CATEGORIATI,AD_CHAMADOTI.ID_PK AS ID_PK,AD_CHAMADOTI.IMPACTO AS IMPACTO,AD_CHAMADOTI.JUSTIFICATIVA AS JUSTIFICATIVA,AD_CHAMADOTI.JUSTIFICATIVACANC AS JUSTIFICATIVACANC,AD_CHAMADOTI.JUSTIFICATIVASOLUCAO AS JUSTIFICATIVASOLUCAO,AD_CHAMADOTI.ORIGEMCHAMADO AS ORIGEMCHAMADO,AD_CHAMADOTI.PREVATENDIMENTO AS PREVATENDIMENTO,AD_CHAMADOTI.PRIORIDADE AS PRIORIDADE,AD_CHAMADOTI.SALVASOLUCAO AS SALVASOLUCAO,AD_CHAMADOTI.STATUSCHAMADO AS STATUSCHAMADO,AD_CHAMADOTI.STATUSTERCEIRO AS STATUSTERCEIRO,AD_CHAMADOTI.TERCEIRO AS TERCEIRO,AD_CHAMADOTI.TEXTOAVALIACAO AS TEXTOAVALIACAO,'$$CLOBFIELD(AD_CHAMADOTI.TEXTOCHAMADO)$$' AS TEXTOCHAMADO,AD_CHAMADOTI.TIPO AS TIPO,AD_CHAMADOTI.TITULO AS TITULO,AD_CHAMADOTI.URGENCIA AS URGENCIA,AD_CHAMADOTI.USADISPOSITIVO AS USADISPOSITIVO FROM AD_CHAMADOTI /*SQL_92_JOINED_TABLES*/  WHERE (AD_CHAMADOTI.IDINSTPRN = ? AND AD_CHAMADOTI.IDINSTTAR = ? AND AD_CHAMADOTI.CODREGISTRO = ?)
Params:
  1 = 35221
  2 = 0
  3 = 1
-------------------------------------------------------------------------------------------------------
##ID_26## tempo: 1 (ms)
/* Runtime-info
Application: ListaTarefa
Referer: https://unikaservicos.sankhyacloud.com.br/workflow/ListaTarefa.xhtml5
ResourceID: br.com.sankhya.workflow.listatarefa
entity: AD_CHAMADOTI
service-name: DatasetSP.save
uri: /mge/service.sbr
*/
 SELECT  	ELE.VERSAO,  	ELE.IDELEMENTO,  	ELE.CODPRN  FROM  	TWFELE ELE  	INNER JOIN TWFIPRN IPRN ON IPRN.CODPRN = ELE.CODPRN AND IPRN.VERSAO = ELE.VERSAO  WHERE  	IPRN.IDINSTPRN = ?  	AND ELE.IDELEMENTO = ?
Params:
  1 = 35221
  2 = UserTask_1dsyzbu
-------------------------------------------------------------------------------------------------------
##ID_27## tempo: 2 (ms)
/* Runtime-info
Application: ListaTarefa
Referer: https://unikaservicos.sankhyacloud.com.br/workflow/ListaTarefa.xhtml5
ResourceID: br.com.sankhya.workflow.listatarefa
entity: AD_CHAMADOTI
service-name: DatasetSP.save
uri: /mge/service.sbr
*/
	SELECT 		VARP.NOME,    	VARP.TIPO,   		IVAR.NUMINT,   		IVAR.NUMDEC,   		IVAR.DTA,   		IVAR.TEXTO,   		IVAR.TEXTOLONGO,   		VAR.VALORPADRAO,   		VAR.DEFAULTLONG   FROM   		TWFIPRN IPRN        INNER JOIN TWFELE ELE ON ELE.CODPRN = IPRN.CODPRN AND ELE.VERSAO = IPRN.VERSAO AND ELE.TIPO = 'P'        INNER JOIN TWFVAR VARP ON VARP.NUELE = ELE.NUELE       INNER JOIN TWFELE ELEP ON ELEP.CODPRN = IPRN.CODPRN AND ELEP.VERSAO = IPRN.VERSAO   AND ELEP.TIPO = 'P'       LEFT JOIN TWFIVAR IVAR ON IVAR.IDINSTTAR = 0 AND IVAR.IDINSTPRN = IPRN.IDINSTPRN AND IVAR.NOME = VARP.NOME       LEFT JOIN TWFVAR VAR ON VAR.NOME = VARP.NOME AND VAR.NUELE = ELEP.NUELE   WHERE   	  IPRN.IDINSTPRN = ? 
Params:
  1 = 35221
-------------------------------------------------------------------------------------------------------
##ID_28## tempo: 1 (ms)
/* Runtime-info
Application: ListaTarefa
Referer: https://unikaservicos.sankhyacloud.com.br/workflow/ListaTarefa.xhtml5
ResourceID: br.com.sankhya.workflow.listatarefa
entity: AD_CHAMADOTI
service-name: DatasetSP.save
uri: /mge/service.sbr
*/
SELECT TWFIPRN.CODPRN AS CODPRN,TWFIPRN.CODUSUCANCEL AS CODUSUCANCEL,TWFIPRN.CODUSUINC AS CODUSUINC,TWFIPRN.DHCONCLUSAO AS DHCONCLUSAO,TWFIPRN.DHINCLUSAO AS DHINCLUSAO,TWFIPRN.DHVENCIMENTO AS DHVENCIMENTO,TWFIPRN.IDINSTPRN AS IDINSTPRN,TWFIPRN.IDPRNMESTRE AS IDPRNMESTRE,TWFIPRN.OBSCANCEL AS OBSCANCEL,TWFIPRN.PERCDECORRIDO AS PERCDECORRIDO,TWFIPRN.SITUACAO AS SITUACAO,TWFIPRN.SITUACAOEXEC AS SITUACAOEXEC,TWFIPRN.SLAATUAL AS SLAATUAL,TWFIPRN.TEMPODECORRIDO AS TEMPODECORRIDO,TWFIPRN.TEMPOLIMITE AS TEMPOLIMITE,TWFIPRN.VERSAO AS VERSAO FROM TWFIPRN /*SQL_92_JOINED_TABLES*/  WHERE (TWFIPRN.IDINSTPRN = ?)
Params:
  1 = 35221
-------------------------------------------------------------------------------------------------------
##ID_29## tempo: 1 (ms)
/* Runtime-info
Application: ListaTarefa
Referer: https://unikaservicos.sankhyacloud.com.br/workflow/ListaTarefa.xhtml5
ResourceID: br.com.sankhya.workflow.listatarefa
entity: AD_CHAMADOTI
service-name: DatasetSP.save
uri: /mge/service.sbr
*/
SELECT NOMEINSTANCIA FROM TDDINS WHERE NOMEINSTANCIA = ? OR (NOMETAB = ? AND NUINSTANCIAPAI IS NULL)
Params:
  1 = AD_CHAMADOTI
  2 = AD_CHAMADOTI
-------------------------------------------------------------------------------------------------------
##ID_30## tempo: 2 (ms)
/* Runtime-info
Application: ListaTarefa
Referer: https://unikaservicos.sankhyacloud.com.br/workflow/ListaTarefa.xhtml5
ResourceID: br.com.sankhya.workflow.listatarefa
entity: AD_CHAMADOTI
service-name: DatasetSP.save
uri: /mge/service.sbr
*/
SELECT 1 AS ANEXO1,1 AS ANEXO2,1 AS ANEXO3,AD_CHAMADOTI.AVALIACAO AS AVALIACAO,AD_CHAMADOTI.CICLO1 AS CICLO1,AD_CHAMADOTI.CICLO2 AS CICLO2,AD_CHAMADOTI.CICLO3 AS CICLO3,AD_CHAMADOTI.CODLOCAL AS CODLOCAL,AD_CHAMADOTI.CODPARC AS CODPARC,AD_CHAMADOTI.CODPROD AS CODPROD,AD_CHAMADOTI.CODREGISTRO AS CODREGISTRO,AD_CHAMADOTI.CODUSU AS CODUSU,AD_CHAMADOTI.CODUSUALTER AS CODUSUALTER,'$$CLOBFIELD(AD_CHAMADOTI.DESCSOLUCAO)$$' AS DESCSOLUCAO,AD_CHAMADOTI.DESCTERCEIRO AS DESCTERCEIRO,AD_CHAMADOTI.DHALTER AS DHALTER,AD_CHAMADOTI.DTTERCEIRO AS DTTERCEIRO,AD_CHAMADOTI.IDINSTPRN AS IDINSTPRN,AD_CHAMADOTI.IDINSTTAR AS IDINSTTAR,AD_CHAMADOTI.IDTAREFA AS IDTAREFA,AD_CHAMADOTI.ID_CATEGORIATI AS ID_CATEGORIATI,AD_CHAMADOTI.ID_PK AS ID_PK,AD_CHAMADOTI.IMPACTO AS IMPACTO,AD_CHAMADOTI.JUSTIFICATIVA AS JUSTIFICATIVA,AD_CHAMADOTI.JUSTIFICATIVACANC AS JUSTIFICATIVACANC,AD_CHAMADOTI.JUSTIFICATIVASOLUCAO AS JUSTIFICATIVASOLUCAO,AD_CHAMADOTI.ORIGEMCHAMADO AS ORIGEMCHAMADO,AD_CHAMADOTI.PREVATENDIMENTO AS PREVATENDIMENTO,AD_CHAMADOTI.PRIORIDADE AS PRIORIDADE,AD_CHAMADOTI.SALVASOLUCAO AS SALVASOLUCAO,AD_CHAMADOTI.STATUSCHAMADO AS STATUSCHAMADO,AD_CHAMADOTI.STATUSTERCEIRO AS STATUSTERCEIRO,AD_CHAMADOTI.TERCEIRO AS TERCEIRO,AD_CHAMADOTI.TEXTOAVALIACAO AS TEXTOAVALIACAO,'$$CLOBFIELD(AD_CHAMADOTI.TEXTOCHAMADO)$$' AS TEXTOCHAMADO,AD_CHAMADOTI.TIPO AS TIPO,AD_CHAMADOTI.TITULO AS TITULO,AD_CHAMADOTI.URGENCIA AS URGENCIA,AD_CHAMADOTI.USADISPOSITIVO AS USADISPOSITIVO FROM AD_CHAMADOTI /*SQL_92_JOINED_TABLES*/   WHERE (AD_CHAMADOTI.IDINSTPRN = ?)  AND ROWNUM <= 6001
Params:
  1 = 35221
-------------------------------------------------------------------------------------------------------
##ID_31## tempo: 1 (ms)
/* Runtime-info
Application: ListaTarefa
Referer: https://unikaservicos.sankhyacloud.com.br/workflow/ListaTarefa.xhtml5
ResourceID: br.com.sankhya.workflow.listatarefa
entity: AD_CHAMADOTI
service-name: DatasetSP.save
uri: /mge/service.sbr
*/
SELECT DESCSOLUCAO FROM AD_CHAMADOTI WHERE AD_CHAMADOTI.IDINSTPRN = ? AND AD_CHAMADOTI.IDINSTTAR = ? AND AD_CHAMADOTI.CODREGISTRO = ?
Params:
  1 = 35221
  2 = 0
  3 = 1
-------------------------------------------------------------------------------------------------------
##ID_32## tempo: 0 (ms)
/* Runtime-info
Application: ListaTarefa
Referer: https://unikaservicos.sankhyacloud.com.br/workflow/ListaTarefa.xhtml5
ResourceID: br.com.sankhya.workflow.listatarefa
entity: AD_CHAMADOTI
service-name: DatasetSP.save
uri: /mge/service.sbr
*/
SELECT NOMEINSTANCIA FROM TDDINS WHERE NOMEINSTANCIA = ? OR (NOMETAB = ? AND NUINSTANCIAPAI IS NULL)
Params:
  1 = AD_HISTORICOSOLUCOES
  2 = AD_HISTORICOSOLUCOES
-------------------------------------------------------------------------------------------------------
##ID_33## tempo: 1 (ms)
/* Runtime-info
Application: ListaTarefa
Referer: https://unikaservicos.sankhyacloud.com.br/workflow/ListaTarefa.xhtml5
ResourceID: br.com.sankhya.workflow.listatarefa
entity: AD_CHAMADOTI
service-name: DatasetSP.save
uri: /mge/service.sbr
*/
SELECT AD_HISTORICOSOLUCOES.CODLOCAL AS CODLOCAL,AD_HISTORICOSOLUCOES.CODPARC AS CODPARC,AD_HISTORICOSOLUCOES.CODPROD AS CODPROD,AD_HISTORICOSOLUCOES.CODREGISTRO AS CODREGISTRO,AD_HISTORICOSOLUCOES.CODUSU AS CODUSU,'$$CLOBFIELD(AD_HISTORICOSOLUCOES.DESCSOLUCAO)$$' AS DESCSOLUCAO,AD_HISTORICOSOLUCOES.DESCTERCEIRO AS DESCTERCEIRO,AD_HISTORICOSOLUCOES.DHALTER AS DHALTER,AD_HISTORICOSOLUCOES.DTTERCEIRO AS DTTERCEIRO,AD_HISTORICOSOLUCOES.IDINSTPRN AS IDINSTPRN,AD_HISTORICOSOLUCOES.IDINSTTAR AS IDINSTTAR,AD_HISTORICOSOLUCOES.IDTAREFA AS IDTAREFA,AD_HISTORICOSOLUCOES.ID_CATEGORIATI AS ID_CATEGORIATI,AD_HISTORICOSOLUCOES.ID_PK AS ID_PK,AD_HISTORICOSOLUCOES.SEQUENCIA AS SEQUENCIA,AD_HISTORICOSOLUCOES.TERCEIRO AS TERCEIRO,AD_HISTORICOSOLUCOES.TIPO AS TIPO FROM AD_HISTORICOSOLUCOES /*SQL_92_JOINED_TABLES*/   WHERE (AD_HISTORICOSOLUCOES.IDINSTPRN = ?)  AND ROWNUM <= 6001
Params:
  1 = 35221
-------------------------------------------------------------------------------------------------------
##ID_34## tempo: 1 (ms)
/* Runtime-info
Application: ListaTarefa
Referer: https://unikaservicos.sankhyacloud.com.br/workflow/ListaTarefa.xhtml5
ResourceID: br.com.sankhya.workflow.listatarefa
entity: AD_CHAMADOTI
service-name: DatasetSP.save
uri: /mge/service.sbr
*/
SELECT DESCSOLUCAO FROM AD_HISTORICOSOLUCOES WHERE AD_HISTORICOSOLUCOES.IDINSTPRN = ? AND AD_HISTORICOSOLUCOES.IDINSTTAR = ? AND AD_HISTORICOSOLUCOES.CODREGISTRO = ? AND AD_HISTORICOSOLUCOES.SEQUENCIA = ?
Params:
  1 = 35221
  2 = 0
  3 = 1
  4 = 1
-------------------------------------------------------------------------------------------------------
##ID_35## tempo: 1 (ms)
/* Runtime-info
Application: ListaTarefa
Referer: https://unikaservicos.sankhyacloud.com.br/workflow/ListaTarefa.xhtml5
ResourceID: br.com.sankhya.workflow.listatarefa
entity: AD_CHAMADOTI
service-name: DatasetSP.save
uri: /mge/service.sbr
*/
SELECT DIS.ID_PK, CAD.CODPROD FROM AD_CHAMADOTI CHA INNER JOIN AD_EQUIPDISPCHAMADO DIS ON (DIS.IDINSTPRN = CHA.IDINSTPRN) INNER JOIN AD_CADDISPOSITIVOSTI CAD ON (DIS.ID_PK = CAD.ID_PK AND CAD.CODPROD = CHA.CODPROD) WHERE CHA.CODPROD = ? AND CHA.IDINSTPRN = ?
Params:
  1 = 1951
  2 = 35221
-------------------------------------------------------------------------------------------------------
##ID_36## tempo: 1 (ms)
/* Runtime-info
Application: ListaTarefa
Referer: https://unikaservicos.sankhyacloud.com.br/workflow/ListaTarefa.xhtml5
ResourceID: br.com.sankhya.workflow.listatarefa
entity: AD_CHAMADOTI
service-name: DatasetSP.save
uri: /mge/service.sbr
*/
SELECT CODPRN FROM TWFIPRN where IDINSTPRN  = ?
Params:
  1 = 35221
-------------------------------------------------------------------------------------------------------
##ID_37## tempo: 1 (ms)
/* Runtime-info
Application: ListaTarefa
Referer: https://unikaservicos.sankhyacloud.com.br/workflow/ListaTarefa.xhtml5
ResourceID: br.com.sankhya.workflow.listatarefa
entity: AD_CHAMADOTI
service-name: DatasetSP.save
uri: /mge/service.sbr
*/
 SELECT     ORM.*  FROM     TWFFORM ORM 	 INNER JOIN TWFELE ELE ON ELE.NUELE = ORM.NUELE     INNER JOIN TWFIPRN IPRN ON IPRN.CODPRN = ELE.CODPRN AND IPRN.VERSAO  = ELE.VERSAO  WHERE     ELE.IDELEMENTO  = ?     AND IPRN.IDINSTPRN = ?     AND ORM.NOMEINSTANCIA = ? 
Params:
  1 = processo_1
  2 = 35221
  3 = AD_CHAMADOTI
-------------------------------------------------------------------------------------------------------
##ID_38## tempo: 1 (ms)
/* Runtime-info
Application: ListaTarefa
Referer: https://unikaservicos.sankhyacloud.com.br/workflow/ListaTarefa.xhtml5
ResourceID: br.com.sankhya.workflow.listatarefa
entity: AD_CHAMADOTI
service-name: DatasetSP.save
uri: /mge/service.sbr
*/
SELECT TEXTOCHAMADO FROM AD_CHAMADOTI WHERE AD_CHAMADOTI.IDINSTPRN = ? AND AD_CHAMADOTI.IDINSTTAR = ? AND AD_CHAMADOTI.CODREGISTRO = ?
Params:
  1 = 35221
  2 = 0
  3 = 1
-------------------------------------------------------------------------------------------------------
##ID_39## tempo: 0 (ms)
/* Runtime-info
Application: ListaTarefa
Referer: https://unikaservicos.sankhyacloud.com.br/workflow/ListaTarefa.xhtml5
ResourceID: br.com.sankhya.workflow.listatarefa
entity: AD_CHAMADOTI
service-name: DatasetSP.save
uri: /mge/service.sbr
*/
SELECT ANEXO3 FROM AD_CHAMADOTI WHERE AD_CHAMADOTI.IDINSTPRN = ? AND AD_CHAMADOTI.IDINSTTAR = ? AND AD_CHAMADOTI.CODREGISTRO = ?
Params:
  1 = 35221
  2 = 0
  3 = 1
-------------------------------------------------------------------------------------------------------
##ID_40## tempo: 1 (ms)
/* Runtime-info
Application: ListaTarefa
Referer: https://unikaservicos.sankhyacloud.com.br/workflow/ListaTarefa.xhtml5
ResourceID: br.com.sankhya.workflow.listatarefa
entity: AD_CHAMADOTI
service-name: DatasetSP.save
uri: /mge/service.sbr
*/
SELECT ANEXO1 FROM AD_CHAMADOTI WHERE AD_CHAMADOTI.IDINSTPRN = ? AND AD_CHAMADOTI.IDINSTTAR = ? AND AD_CHAMADOTI.CODREGISTRO = ?
Params:
  1 = 35221
  2 = 0
  3 = 1
-------------------------------------------------------------------------------------------------------
##ID_41## tempo: 1 (ms)
/* Runtime-info
Application: ListaTarefa
Referer: https://unikaservicos.sankhyacloud.com.br/workflow/ListaTarefa.xhtml5
ResourceID: br.com.sankhya.workflow.listatarefa
entity: AD_CHAMADOTI
service-name: DatasetSP.save
uri: /mge/service.sbr
*/
SELECT ANEXO2 FROM AD_CHAMADOTI WHERE AD_CHAMADOTI.IDINSTPRN = ? AND AD_CHAMADOTI.IDINSTTAR = ? AND AD_CHAMADOTI.CODREGISTRO = ?
Params:
  1 = 35221
  2 = 0
  3 = 1
-------------------------------------------------------------------------------------------------------
##ID_42## tempo: 1 (ms)
/* Runtime-info
Application: ListaTarefa
Referer: https://unikaservicos.sankhyacloud.com.br/workflow/ListaTarefa.xhtml5
ResourceID: br.com.sankhya.workflow.listatarefa
entity: AD_CHAMADOTI
service-name: DatasetSP.save
uri: /mge/service.sbr
*/
 SELECT  	ELE.VERSAO,  	ELE.IDELEMENTO,  	ELE.CODPRN  FROM  	TWFELE ELE  	INNER JOIN TWFIPRN IPRN ON IPRN.CODPRN = ELE.CODPRN AND IPRN.VERSAO = ELE.VERSAO  WHERE  	IPRN.IDINSTPRN = ?  	AND ELE.IDELEMENTO = ?
Params:
  1 = 35221
  2 = UserTask_1dsyzbu
-------------------------------------------------------------------------------------------------------
##ID_43## tempo: 1 (ms)
/* Runtime-info
Application: ListaTarefa
Referer: https://unikaservicos.sankhyacloud.com.br/workflow/ListaTarefa.xhtml5
ResourceID: br.com.sankhya.workflow.listatarefa
entity: AD_CHAMADOTI
service-name: DatasetSP.save
uri: /mge/service.sbr
*/
UPDATE AD_CHAMADOTI SET ID_PK = ? WHERE AD_CHAMADOTI.IDINSTPRN = ? AND AD_CHAMADOTI.IDINSTTAR = ? AND AD_CHAMADOTI.CODREGISTRO = ?
Params:
  1 = 3
  2 = 35221
  3 = 0
  4 = 1
-------------------------------------------------------------------------------------------------------
##ID_44## tempo: 0 (ms)
/* Runtime-info
Application: ListaTarefa
Referer: https://unikaservicos.sankhyacloud.com.br/workflow/ListaTarefa.xhtml5
ResourceID: br.com.sankhya.workflow.listatarefa
entity: AD_CHAMADOTI
service-name: DatasetSP.save
uri: /mge/service.sbr
*/
SELECT 1 FROM AD_CHAMADOTI WHERE AD_CHAMADOTI.IDINSTPRN = ? AND AD_CHAMADOTI.IDINSTTAR = ? AND AD_CHAMADOTI.CODREGISTRO = ?
Params:
  1 = 35221
  2 = 0
  3 = 1
-------------------------------------------------------------------------------------------------------
##ID_45## tempo: 0 (ms)
/* Runtime-info
Application: ListaTarefa
Referer: https://unikaservicos.sankhyacloud.com.br/workflow/ListaTarefa.xhtml5
ResourceID: br.com.sankhya.workflow.listatarefa
entity: AD_CHAMADOTI
service-name: DatasetSP.save
uri: /mge/service.sbr
*/
SELECT 1 AS ANEXO1,1 AS ANEXO2,1 AS ANEXO3,AD_CHAMADOTI.AVALIACAO AS AVALIACAO,AD_CHAMADOTI.CICLO1 AS CICLO1,AD_CHAMADOTI.CICLO2 AS CICLO2,AD_CHAMADOTI.CICLO3 AS CICLO3,AD_CHAMADOTI.CODLOCAL AS CODLOCAL,AD_CHAMADOTI.CODPARC AS CODPARC,AD_CHAMADOTI.CODPROD AS CODPROD,AD_CHAMADOTI.CODREGISTRO AS CODREGISTRO,AD_CHAMADOTI.CODUSU AS CODUSU,AD_CHAMADOTI.CODUSUALTER AS CODUSUALTER,'$$CLOBFIELD(AD_CHAMADOTI.DESCSOLUCAO)$$' AS DESCSOLUCAO,AD_CHAMADOTI.DESCTERCEIRO AS DESCTERCEIRO,AD_CHAMADOTI.DHALTER AS DHALTER,AD_CHAMADOTI.DTTERCEIRO AS DTTERCEIRO,AD_CHAMADOTI.IDINSTPRN AS IDINSTPRN,AD_CHAMADOTI.IDINSTTAR AS IDINSTTAR,AD_CHAMADOTI.IDTAREFA AS IDTAREFA,AD_CHAMADOTI.ID_CATEGORIATI AS ID_CATEGORIATI,AD_CHAMADOTI.ID_PK AS ID_PK,AD_CHAMADOTI.IMPACTO AS IMPACTO,AD_CHAMADOTI.JUSTIFICATIVA AS JUSTIFICATIVA,AD_CHAMADOTI.JUSTIFICATIVACANC AS JUSTIFICATIVACANC,AD_CHAMADOTI.JUSTIFICATIVASOLUCAO AS JUSTIFICATIVASOLUCAO,AD_CHAMADOTI.ORIGEMCHAMADO AS ORIGEMCHAMADO,AD_CHAMADOTI.PREVATENDIMENTO AS PREVATENDIMENTO,AD_CHAMADOTI.PRIORIDADE AS PRIORIDADE,AD_CHAMADOTI.SALVASOLUCAO AS SALVASOLUCAO,AD_CHAMADOTI.STATUSCHAMADO AS STATUSCHAMADO,AD_CHAMADOTI.STATUSTERCEIRO AS STATUSTERCEIRO,AD_CHAMADOTI.TERCEIRO AS TERCEIRO,AD_CHAMADOTI.TEXTOAVALIACAO AS TEXTOAVALIACAO,'$$CLOBFIELD(AD_CHAMADOTI.TEXTOCHAMADO)$$' AS TEXTOCHAMADO,AD_CHAMADOTI.TIPO AS TIPO,AD_CHAMADOTI.TITULO AS TITULO,AD_CHAMADOTI.URGENCIA AS URGENCIA,AD_CHAMADOTI.USADISPOSITIVO AS USADISPOSITIVO FROM AD_CHAMADOTI /*SQL_92_JOINED_TABLES*/  WHERE (AD_CHAMADOTI.IDINSTPRN = ? AND AD_CHAMADOTI.IDINSTTAR = ? AND AD_CHAMADOTI.CODREGISTRO = ?)
Params:
  1 = 35221
  2 = 0
  3 = 1
-------------------------------------------------------------------------------------------------------
##ID_46## tempo: 0 (ms)
/* Runtime-info
Application: ListaTarefa
Referer: https://unikaservicos.sankhyacloud.com.br/workflow/ListaTarefa.xhtml5
ResourceID: br.com.sankhya.workflow.listatarefa
entity: AD_CHAMADOTI
service-name: DatasetSP.save
uri: /mge/service.sbr
*/
 SELECT  	ELE.VERSAO,  	ELE.IDELEMENTO,  	ELE.CODPRN  FROM  	TWFELE ELE  	INNER JOIN TWFIPRN IPRN ON IPRN.CODPRN = ELE.CODPRN AND IPRN.VERSAO = ELE.VERSAO  WHERE  	IPRN.IDINSTPRN = ?  	AND ELE.IDELEMENTO = ?
Params:
  1 = 35221
  2 = UserTask_1dsyzbu
-------------------------------------------------------------------------------------------------------
##ID_47## tempo: 1 (ms)
/* Runtime-info
Application: ListaTarefa
Referer: https://unikaservicos.sankhyacloud.com.br/workflow/ListaTarefa.xhtml5
ResourceID: br.com.sankhya.workflow.listatarefa
entity: AD_CHAMADOTI
service-name: DatasetSP.save
uri: /mge/service.sbr
*/
	SELECT 		VARP.NOME,    	VARP.TIPO,   		IVAR.NUMINT,   		IVAR.NUMDEC,   		IVAR.DTA,   		IVAR.TEXTO,   		IVAR.TEXTOLONGO,   		VAR.VALORPADRAO,   		VAR.DEFAULTLONG   FROM   		TWFIPRN IPRN        INNER JOIN TWFELE ELE ON ELE.CODPRN = IPRN.CODPRN AND ELE.VERSAO = IPRN.VERSAO AND ELE.TIPO = 'P'        INNER JOIN TWFVAR VARP ON VARP.NUELE = ELE.NUELE       INNER JOIN TWFELE ELEP ON ELEP.CODPRN = IPRN.CODPRN AND ELEP.VERSAO = IPRN.VERSAO   AND ELEP.TIPO = 'P'       LEFT JOIN TWFIVAR IVAR ON IVAR.IDINSTTAR = 0 AND IVAR.IDINSTPRN = IPRN.IDINSTPRN AND IVAR.NOME = VARP.NOME       LEFT JOIN TWFVAR VAR ON VAR.NOME = VARP.NOME AND VAR.NUELE = ELEP.NUELE   WHERE   	  IPRN.IDINSTPRN = ? 
Params:
  1 = 35221
-------------------------------------------------------------------------------------------------------
##ID_48## tempo: 0 (ms)
/* Runtime-info
Application: ListaTarefa
Referer: https://unikaservicos.sankhyacloud.com.br/workflow/ListaTarefa.xhtml5
ResourceID: br.com.sankhya.workflow.listatarefa
entity: AD_CHAMADOTI
service-name: DatasetSP.save
uri: /mge/service.sbr
*/
SELECT NOMEINSTANCIA FROM TDDINS WHERE NOMEINSTANCIA = ? OR (NOMETAB = ? AND NUINSTANCIAPAI IS NULL)
Params:
  1 = AD_CHAMADOTI
  2 = AD_CHAMADOTI
-------------------------------------------------------------------------------------------------------
##ID_49## tempo: 0 (ms)
/* Runtime-info
Application: ListaTarefa
Referer: https://unikaservicos.sankhyacloud.com.br/workflow/ListaTarefa.xhtml5
ResourceID: br.com.sankhya.workflow.listatarefa
entity: AD_CHAMADOTI
service-name: DatasetSP.save
uri: /mge/service.sbr
*/
SELECT 1 AS ANEXO1,1 AS ANEXO2,1 AS ANEXO3,AD_CHAMADOTI.AVALIACAO AS AVALIACAO,AD_CHAMADOTI.CICLO1 AS CICLO1,AD_CHAMADOTI.CICLO2 AS CICLO2,AD_CHAMADOTI.CICLO3 AS CICLO3,AD_CHAMADOTI.CODLOCAL AS CODLOCAL,AD_CHAMADOTI.CODPARC AS CODPARC,AD_CHAMADOTI.CODPROD AS CODPROD,AD_CHAMADOTI.CODREGISTRO AS CODREGISTRO,AD_CHAMADOTI.CODUSU AS CODUSU,AD_CHAMADOTI.CODUSUALTER AS CODUSUALTER,'$$CLOBFIELD(AD_CHAMADOTI.DESCSOLUCAO)$$' AS DESCSOLUCAO,AD_CHAMADOTI.DESCTERCEIRO AS DESCTERCEIRO,AD_CHAMADOTI.DHALTER AS DHALTER,AD_CHAMADOTI.DTTERCEIRO AS DTTERCEIRO,AD_CHAMADOTI.IDINSTPRN AS IDINSTPRN,AD_CHAMADOTI.IDINSTTAR AS IDINSTTAR,AD_CHAMADOTI.IDTAREFA AS IDTAREFA,AD_CHAMADOTI.ID_CATEGORIATI AS ID_CATEGORIATI,AD_CHAMADOTI.ID_PK AS ID_PK,AD_CHAMADOTI.IMPACTO AS IMPACTO,AD_CHAMADOTI.JUSTIFICATIVA AS JUSTIFICATIVA,AD_CHAMADOTI.JUSTIFICATIVACANC AS JUSTIFICATIVACANC,AD_CHAMADOTI.JUSTIFICATIVASOLUCAO AS JUSTIFICATIVASOLUCAO,AD_CHAMADOTI.ORIGEMCHAMADO AS ORIGEMCHAMADO,AD_CHAMADOTI.PREVATENDIMENTO AS PREVATENDIMENTO,AD_CHAMADOTI.PRIORIDADE AS PRIORIDADE,AD_CHAMADOTI.SALVASOLUCAO AS SALVASOLUCAO,AD_CHAMADOTI.STATUSCHAMADO AS STATUSCHAMADO,AD_CHAMADOTI.STATUSTERCEIRO AS STATUSTERCEIRO,AD_CHAMADOTI.TERCEIRO AS TERCEIRO,AD_CHAMADOTI.TEXTOAVALIACAO AS TEXTOAVALIACAO,'$$CLOBFIELD(AD_CHAMADOTI.TEXTOCHAMADO)$$' AS TEXTOCHAMADO,AD_CHAMADOTI.TIPO AS TIPO,AD_CHAMADOTI.TITULO AS TITULO,AD_CHAMADOTI.URGENCIA AS URGENCIA,AD_CHAMADOTI.USADISPOSITIVO AS USADISPOSITIVO FROM AD_CHAMADOTI /*SQL_92_JOINED_TABLES*/   WHERE (AD_CHAMADOTI.IDINSTPRN = ?)  AND ROWNUM <= 6001
Params:
  1 = 35221
-------------------------------------------------------------------------------------------------------
##ID_50## tempo: 0 (ms)
/* Runtime-info
Application: ListaTarefa
Referer: https://unikaservicos.sankhyacloud.com.br/workflow/ListaTarefa.xhtml5
ResourceID: br.com.sankhya.workflow.listatarefa
entity: AD_CHAMADOTI
service-name: DatasetSP.save
uri: /mge/service.sbr
*/
SELECT DESCSOLUCAO FROM AD_CHAMADOTI WHERE AD_CHAMADOTI.IDINSTPRN = ? AND AD_CHAMADOTI.IDINSTTAR = ? AND AD_CHAMADOTI.CODREGISTRO = ?
Params:
  1 = 35221
  2 = 0
  3 = 1
-------------------------------------------------------------------------------------------------------
##ID_51## tempo: 1 (ms)
/* Runtime-info
Application: ListaTarefa
Referer: https://unikaservicos.sankhyacloud.com.br/workflow/ListaTarefa.xhtml5
ResourceID: br.com.sankhya.workflow.listatarefa
entity: AD_CHAMADOTI
service-name: DatasetSP.save
uri: /mge/service.sbr
*/
SELECT NOMEINSTANCIA FROM TDDINS WHERE NOMEINSTANCIA = ? OR (NOMETAB = ? AND NUINSTANCIAPAI IS NULL)
Params:
  1 = AD_HISTORICOSOLUCOES
  2 = AD_HISTORICOSOLUCOES
-------------------------------------------------------------------------------------------------------
##ID_52## tempo: 1 (ms)
/* Runtime-info
Application: ListaTarefa
Referer: https://unikaservicos.sankhyacloud.com.br/workflow/ListaTarefa.xhtml5
ResourceID: br.com.sankhya.workflow.listatarefa
entity: AD_CHAMADOTI
service-name: DatasetSP.save
uri: /mge/service.sbr
*/
SELECT AD_HISTORICOSOLUCOES.CODLOCAL AS CODLOCAL,AD_HISTORICOSOLUCOES.CODPARC AS CODPARC,AD_HISTORICOSOLUCOES.CODPROD AS CODPROD,AD_HISTORICOSOLUCOES.CODREGISTRO AS CODREGISTRO,AD_HISTORICOSOLUCOES.CODUSU AS CODUSU,'$$CLOBFIELD(AD_HISTORICOSOLUCOES.DESCSOLUCAO)$$' AS DESCSOLUCAO,AD_HISTORICOSOLUCOES.DESCTERCEIRO AS DESCTERCEIRO,AD_HISTORICOSOLUCOES.DHALTER AS DHALTER,AD_HISTORICOSOLUCOES.DTTERCEIRO AS DTTERCEIRO,AD_HISTORICOSOLUCOES.IDINSTPRN AS IDINSTPRN,AD_HISTORICOSOLUCOES.IDINSTTAR AS IDINSTTAR,AD_HISTORICOSOLUCOES.IDTAREFA AS IDTAREFA,AD_HISTORICOSOLUCOES.ID_CATEGORIATI AS ID_CATEGORIATI,AD_HISTORICOSOLUCOES.ID_PK AS ID_PK,AD_HISTORICOSOLUCOES.SEQUENCIA AS SEQUENCIA,AD_HISTORICOSOLUCOES.TERCEIRO AS TERCEIRO,AD_HISTORICOSOLUCOES.TIPO AS TIPO FROM AD_HISTORICOSOLUCOES /*SQL_92_JOINED_TABLES*/   WHERE (AD_HISTORICOSOLUCOES.IDINSTPRN = ?)  AND ROWNUM <= 6001
Params:
  1 = 35221
-------------------------------------------------------------------------------------------------------
##ID_53## tempo: 1 (ms)
/* Runtime-info
Application: ListaTarefa
Referer: https://unikaservicos.sankhyacloud.com.br/workflow/ListaTarefa.xhtml5
ResourceID: br.com.sankhya.workflow.listatarefa
entity: AD_CHAMADOTI
service-name: DatasetSP.save
uri: /mge/service.sbr
*/
SELECT DESCSOLUCAO FROM AD_HISTORICOSOLUCOES WHERE AD_HISTORICOSOLUCOES.IDINSTPRN = ? AND AD_HISTORICOSOLUCOES.IDINSTTAR = ? AND AD_HISTORICOSOLUCOES.CODREGISTRO = ? AND AD_HISTORICOSOLUCOES.SEQUENCIA = ?
Params:
  1 = 35221
  2 = 0
  3 = 1
  4 = 1
-------------------------------------------------------------------------------------------------------
##ID_54## tempo: 1 (ms)
/* Runtime-info
Application: ListaTarefa
Referer: https://unikaservicos.sankhyacloud.com.br/workflow/ListaTarefa.xhtml5
ResourceID: br.com.sankhya.workflow.listatarefa
entity: AD_CHAMADOTI
service-name: DatasetSP.save
uri: /mge/service.sbr
*/
SELECT CODPRN FROM TWFIPRN where IDINSTPRN  = ?
Params:
  1 = 35221
-------------------------------------------------------------------------------------------------------
##ID_55## tempo: 1 (ms)
/* Runtime-info
Application: ListaTarefa
Referer: https://unikaservicos.sankhyacloud.com.br/workflow/ListaTarefa.xhtml5
ResourceID: br.com.sankhya.workflow.listatarefa
entity: AD_CHAMADOTI
service-name: DatasetSP.save
uri: /mge/service.sbr
*/
 SELECT     ORM.*  FROM     TWFFORM ORM 	 INNER JOIN TWFELE ELE ON ELE.NUELE = ORM.NUELE     INNER JOIN TWFIPRN IPRN ON IPRN.CODPRN = ELE.CODPRN AND IPRN.VERSAO  = ELE.VERSAO  WHERE     ELE.IDELEMENTO  = ?     AND IPRN.IDINSTPRN = ?     AND ORM.NOMEINSTANCIA = ? 
Params:
  1 = processo_1
  2 = 35221
  3 = AD_CHAMADOTI
-------------------------------------------------------------------------------------------------------
##ID_56## tempo: 1 (ms)
/* Runtime-info
Application: ListaTarefa
Referer: https://unikaservicos.sankhyacloud.com.br/workflow/ListaTarefa.xhtml5
ResourceID: br.com.sankhya.workflow.listatarefa
entity: AD_CHAMADOTI
service-name: DatasetSP.save
uri: /mge/service.sbr
*/
SELECT TEXTOCHAMADO FROM AD_CHAMADOTI WHERE AD_CHAMADOTI.IDINSTPRN = ? AND AD_CHAMADOTI.IDINSTTAR = ? AND AD_CHAMADOTI.CODREGISTRO = ?
Params:
  1 = 35221
  2 = 0
  3 = 1
-------------------------------------------------------------------------------------------------------
##ID_57## tempo: 2 (ms)
/* Runtime-info
Application: ListaTarefa
Referer: https://unikaservicos.sankhyacloud.com.br/workflow/ListaTarefa.xhtml5
ResourceID: br.com.sankhya.workflow.listatarefa
entity: AD_CHAMADOTI
service-name: DatasetSP.save
uri: /mge/service.sbr
*/
SELECT ANEXO3 FROM AD_CHAMADOTI WHERE AD_CHAMADOTI.IDINSTPRN = ? AND AD_CHAMADOTI.IDINSTTAR = ? AND AD_CHAMADOTI.CODREGISTRO = ?
Params:
  1 = 35221
  2 = 0
  3 = 1
-------------------------------------------------------------------------------------------------------
##ID_58## tempo: 1 (ms)
/* Runtime-info
Application: ListaTarefa
Referer: https://unikaservicos.sankhyacloud.com.br/workflow/ListaTarefa.xhtml5
ResourceID: br.com.sankhya.workflow.listatarefa
entity: AD_CHAMADOTI
service-name: DatasetSP.save
uri: /mge/service.sbr
*/
SELECT ANEXO1 FROM AD_CHAMADOTI WHERE AD_CHAMADOTI.IDINSTPRN = ? AND AD_CHAMADOTI.IDINSTTAR = ? AND AD_CHAMADOTI.CODREGISTRO = ?
Params:
  1 = 35221
  2 = 0
  3 = 1
-------------------------------------------------------------------------------------------------------
##ID_59## tempo: 1 (ms)
/* Runtime-info
Application: ListaTarefa
Referer: https://unikaservicos.sankhyacloud.com.br/workflow/ListaTarefa.xhtml5
ResourceID: br.com.sankhya.workflow.listatarefa
entity: AD_CHAMADOTI
service-name: DatasetSP.save
uri: /mge/service.sbr
*/
SELECT ANEXO2 FROM AD_CHAMADOTI WHERE AD_CHAMADOTI.IDINSTPRN = ? AND AD_CHAMADOTI.IDINSTTAR = ? AND AD_CHAMADOTI.CODREGISTRO = ?
Params:
  1 = 35221
  2 = 0
  3 = 1
-------------------------------------------------------------------------------------------------------
##ID_60## tempo: 0 (ms)
/* Runtime-info
Application: ListaTarefa
Referer: https://unikaservicos.sankhyacloud.com.br/workflow/ListaTarefa.xhtml5
ResourceID: br.com.sankhya.workflow.listatarefa
entity: AD_CHAMADOTI
service-name: DatasetSP.save
uri: /mge/service.sbr
*/
SELECT CODPRN FROM TWFIPRN where IDINSTPRN  = ?
Params:
  1 = 35221
-------------------------------------------------------------------------------------------------------
##ID_61## tempo: 1 (ms)
/* Runtime-info
Application: ListaTarefa
Referer: https://unikaservicos.sankhyacloud.com.br/workflow/ListaTarefa.xhtml5
ResourceID: br.com.sankhya.workflow.listatarefa
entity: AD_CHAMADOTI
service-name: DatasetSP.save
uri: /mge/service.sbr
*/
 SELECT     ORM.*  FROM     TWFFORM ORM 	 INNER JOIN TWFELE ELE ON ELE.NUELE = ORM.NUELE     INNER JOIN TWFIPRN IPRN ON IPRN.CODPRN = ELE.CODPRN AND IPRN.VERSAO  = ELE.VERSAO  WHERE     ELE.IDELEMENTO  = ?     AND IPRN.IDINSTPRN = ?     AND ORM.NOMEINSTANCIA = ? 
Params:
  1 = processo_1
  2 = 35221
  3 = AD_HISTORICOSOLUCOES
-------------------------------------------------------------------------------------------------------
##ID_62## tempo: 1 (ms)
/* Runtime-info
Application: ListaTarefa
Referer: https://unikaservicos.sankhyacloud.com.br/workflow/ListaTarefa.xhtml5
ResourceID: br.com.sankhya.workflow.listatarefa
entity: AD_CHAMADOTI
service-name: DatasetSP.save
uri: /mge/service.sbr
*/
UPDATE AD_HISTORICOSOLUCOES SET CODPROD = ?,DHALTER = ?,ID_PK = ? WHERE AD_HISTORICOSOLUCOES.IDINSTPRN = ? AND AD_HISTORICOSOLUCOES.IDINSTTAR = ? AND AD_HISTORICOSOLUCOES.CODREGISTRO = ? AND AD_HISTORICOSOLUCOES.SEQUENCIA = ?
Params:
  1 = 1951
  2 = 2025-10-27 14:49:13.0
  3 = 3
  4 = 35221
  5 = 0
  6 = 1
  7 = 1
-------------------------------------------------------------------------------------------------------
##ID_63## tempo: 2 (ms)
/* Runtime-info
Application: ListaTarefa
Referer: https://unikaservicos.sankhyacloud.com.br/workflow/ListaTarefa.xhtml5
ResourceID: br.com.sankhya.workflow.listatarefa
entity: AD_CHAMADOTI
service-name: DatasetSP.save
uri: /mge/service.sbr
*/
SELECT 1 FROM AD_HISTORICOSOLUCOES WHERE AD_HISTORICOSOLUCOES.IDINSTPRN = ? AND AD_HISTORICOSOLUCOES.IDINSTTAR = ? AND AD_HISTORICOSOLUCOES.CODREGISTRO = ? AND AD_HISTORICOSOLUCOES.SEQUENCIA = ?
Params:
  1 = 35221
  2 = 0
  3 = 1
  4 = 1
-------------------------------------------------------------------------------------------------------
##ID_64## tempo: 1 (ms)
/* Runtime-info
Application: ListaTarefa
Referer: https://unikaservicos.sankhyacloud.com.br/workflow/ListaTarefa.xhtml5
ResourceID: br.com.sankhya.workflow.listatarefa
entity: AD_CHAMADOTI
service-name: DatasetSP.save
uri: /mge/service.sbr
*/
 SELECT (CODCFG) AS COLUNA FROM TSIPSQ WHERE ATIVO = ?
Params:
  1 = S
-------------------------------------------------------------------------------------------------------
##ID_65## tempo: 1 (ms)
/* Runtime-info
Application: ListaTarefa
Referer: https://unikaservicos.sankhyacloud.com.br/workflow/ListaTarefa.xhtml5
ResourceID: br.com.sankhya.workflow.listatarefa
entity: AD_CHAMADOTI
service-name: DatasetSP.save
uri: /mge/service.sbr
*/
SELECT AD_HISTORICOSOLUCOES.CODLOCAL AS CODLOCAL,AD_HISTORICOSOLUCOES.CODPARC AS CODPARC,AD_HISTORICOSOLUCOES.CODPROD AS CODPROD,AD_HISTORICOSOLUCOES.CODREGISTRO AS CODREGISTRO,AD_HISTORICOSOLUCOES.CODUSU AS CODUSU,'$$CLOBFIELD(AD_HISTORICOSOLUCOES.DESCSOLUCAO)$$' AS DESCSOLUCAO,AD_HISTORICOSOLUCOES.DESCTERCEIRO AS DESCTERCEIRO,AD_HISTORICOSOLUCOES.DHALTER AS DHALTER,AD_HISTORICOSOLUCOES.DTTERCEIRO AS DTTERCEIRO,AD_HISTORICOSOLUCOES.IDINSTPRN AS IDINSTPRN,AD_HISTORICOSOLUCOES.IDINSTTAR AS IDINSTTAR,AD_HISTORICOSOLUCOES.IDTAREFA AS IDTAREFA,AD_HISTORICOSOLUCOES.ID_CATEGORIATI AS ID_CATEGORIATI,AD_HISTORICOSOLUCOES.ID_PK AS ID_PK,AD_HISTORICOSOLUCOES.SEQUENCIA AS SEQUENCIA,AD_HISTORICOSOLUCOES.TERCEIRO AS TERCEIRO,AD_HISTORICOSOLUCOES.TIPO AS TIPO FROM AD_HISTORICOSOLUCOES /*SQL_92_JOINED_TABLES*/  WHERE (AD_HISTORICOSOLUCOES.IDINSTPRN = ? AND AD_HISTORICOSOLUCOES.IDINSTTAR = ? AND AD_HISTORICOSOLUCOES.CODREGISTRO = ? AND AD_HISTORICOSOLUCOES.SEQUENCIA = ?)
Params:
  1 = 35221
  2 = 0
  3 = 1
  4 = 1
-------------------------------------------------------------------------------------------------------
##ID_66## tempo: 1 (ms)
/* Runtime-info
Application: ListaTarefa
Referer: https://unikaservicos.sankhyacloud.com.br/workflow/ListaTarefa.xhtml5
ResourceID: br.com.sankhya.workflow.listatarefa
entity: AD_CHAMADOTI
service-name: DatasetSP.save
uri: /mge/service.sbr
*/
 SELECT (CODCFG) AS COLUNA FROM TSIPSQ WHERE ATIVO = ?
Params:
  1 = S
-------------------------------------------------------------------------------------------------------
##ID_67## tempo: 1 (ms)
/* Runtime-info
Application: ListaTarefa
Referer: https://unikaservicos.sankhyacloud.com.br/workflow/ListaTarefa.xhtml5
ResourceID: br.com.sankhya.workflow.listatarefa
entity: AD_CHAMADOTI
service-name: DatasetSP.save
uri: /mge/service.sbr
*/
SELECT CODPRN FROM TWFIPRN where IDINSTPRN  = ?
Params:
  1 = 35221
-------------------------------------------------------------------------------------------------------
##ID_68## tempo: 1 (ms)
/* Runtime-info
Application: ListaTarefa
Referer: https://unikaservicos.sankhyacloud.com.br/workflow/ListaTarefa.xhtml5
ResourceID: br.com.sankhya.workflow.listatarefa
entity: AD_CHAMADOTI
service-name: DatasetSP.save
uri: /mge/service.sbr
*/
 SELECT     ORM.*  FROM     TWFFORM ORM 	 INNER JOIN TWFELE ELE ON ELE.NUELE = ORM.NUELE     INNER JOIN TWFIPRN IPRN ON IPRN.CODPRN = ELE.CODPRN AND IPRN.VERSAO  = ELE.VERSAO  WHERE     ELE.IDELEMENTO  = ?     AND IPRN.IDINSTPRN = ?     AND ORM.NOMEINSTANCIA = ? 
Params:
  1 = processo_1
  2 = 35221
  3 = AD_HISTORICOSOLUCOES
-------------------------------------------------------------------------------------------------------
##ID_69## tempo: 1 (ms)
{call Stp_Set_Session2(?, ?, ?, ?, ?)}
Params:
  1 = 0
  2 = -1
  3 = -1
  4 = u= 0, t_name= default task-533
  5 = 0897611f9d34c93f772de6c5baac4c93919fd363
-------------------------------------------------------------------------------------------------------
##ID_70## tempo: 0 (ms)
/* Runtime-info
Application: MonitorDeConsultas
Referer: https://unikaservicos.sankhyacloud.com.br/mge/MonitorDeConsultas.xhtml5
ResourceID: br.com.sankhya.cfg.MonitordeConsultas
uri: /mge/service.sbr
*/
SELECT TEXTO FROM TSIPAR WHERE CHAVE = ? 
Params:
  1 = VERSAOSKWBIN
